TN:
SF:/home/atsitali/Projects/ignition-zk/hardhat/contracts/fundingModules/GrantModule.sol
FN:47,nonZeroAddress
FN:56,nonZeroKey
FN:69,_authorizeUpgrade
FN:72,constructor
FN:85,initialize
FN:112,distributeGrant
FN:131,getContractVersion
FNF:7
FNH:6
FNDA:90,nonZeroAddress
FNDA:3,nonZeroKey
FNDA:2,_authorizeUpgrade
FNDA:1,constructor
FNDA:84,initialize
FNDA:3,distributeGrant
FNDA:0,getContractVersion
DA:48,90
DA:49,90
DA:57,3
DA:58,3
DA:73,1
DA:87,84
DA:88,84
DA:114,3
DA:120,3
DA:132,0
LF:10
LH:9
BRDA:48,1,0,0
BRDA:48,1,1,90
BRDA:57,2,0,0
BRDA:57,2,1,3
BRDA:69,3,0,2
BRDA:69,3,1,1
BRDA:84,4,0,84
BRDA:84,4,1,0
BRDA:85,5,0,84
BRDA:85,5,1,0
BRDA:109,6,0,3
BRDA:109,6,1,0
BRDA:110,7,0,3
BRDA:110,7,1,0
BRDA:111,8,0,3
BRDA:111,8,1,0
BRDA:112,9,0,3
BRDA:112,9,1,0
BRF:18
BRH:10
end_of_record
TN:
SF:/home/atsitali/Projects/ignition-zk/hardhat/contracts/governance/GovernanceManager.sol
FN:186,onlyRelayer
FN:195,nonZeroAddress
FN:208,_authorizeUpgrade
FN:211,constructor
FN:232,initialize
FN:266,setRelayer
FN:279,setTreasuryFactory
FN:305,addFundingModule
FN:332,removeFundingModule
FN:354,delegateUpgradeMembershipManager
FN:363,delegateSetMembershipVerifier
FN:378,delegateVerifyMembership
FN:388,delegateSetRoot
FN:404,delegateDeployGroupNft
FN:414,delegateMintNftToMember
FN:424,delegateMintNftToMembers
FN:434,delegateBurnMemberNft
FN:447,delegateUpgradeProposalManager
FN:456,delegateSetProposalSubmissionVerifier
FN:465,delegateSetProposalClaimVerifier
FN:482,delegateVerifyProposal
FN:497,delegateVerifyProposalClaim
FN:510,delegateUpgradeVoteManager
FN:519,delegateSetVoteVerifier
FN:536,delegateVerifyVote
FN:546,delegateSetMemberCount
FN:563,delegateSetQuorumParams
FN:576,delegateDeployTreasury
FN:590,delegateUpgradeGrantModule
FN:617,delegateDistributeFunding
FN:652,delegateGetTreasuryAddress
FN:666,delegateGetBalance
FN:677,delegateIsPendingApproval
FN:688,delegateIsPendingExecution
FN:699,delegateIsExecuted
FN:710,delegateGetFundingRequest
FN:724,getContractVersion
FN:737,_getGroupTreasuryAddress
FN:747,_getProposalResult
FN:757,_supportsInterface
FN:773,
FNF:41
FNH:37
FNDA:134,onlyRelayer
FNDA:56,nonZeroAddress
FNDA:2,_authorizeUpgrade
FNDA:1,constructor
FNDA:307,initialize
FNDA:2,setRelayer
FNDA:53,setTreasuryFactory
FNDA:90,addFundingModule
FNDA:3,removeFundingModule
FNDA:1,delegateUpgradeMembershipManager
FNDA:0,delegateSetMembershipVerifier
FNDA:0,delegateVerifyMembership
FNDA:23,delegateSetRoot
FNDA:35,delegateDeployGroupNft
FNDA:4,delegateMintNftToMember
FNDA:2,delegateMintNftToMembers
FNDA:2,delegateBurnMemberNft
FNDA:1,delegateUpgradeProposalManager
FNDA:7,delegateSetProposalSubmissionVerifier
FNDA:3,delegateSetProposalClaimVerifier
FNDA:17,delegateVerifyProposal
FNDA:2,delegateVerifyProposalClaim
FNDA:1,delegateUpgradeVoteManager
FNDA:0,delegateSetVoteVerifier
FNDA:11,delegateVerifyVote
FNDA:11,delegateSetMemberCount
FNDA:0,delegateSetQuorumParams
FNDA:11,delegateDeployTreasury
FNDA:1,delegateUpgradeGrantModule
FNDA:8,delegateDistributeFunding
FNDA:4,delegateGetTreasuryAddress
FNDA:3,delegateGetBalance
FNDA:1,delegateIsPendingApproval
FNDA:1,delegateIsPendingExecution
FNDA:1,delegateIsExecuted
FNDA:1,delegateGetFundingRequest
FNDA:1,getContractVersion
FNDA:15,_getGroupTreasuryAddress
FNDA:7,_getProposalResult
FNDA:52,_supportsInterface
FNDA:1,
DA:187,134
DA:188,126
DA:196,56
DA:197,55
DA:212,1
DA:234,307
DA:235,307
DA:236,307
DA:237,307
DA:238,307
DA:240,307
DA:241,307
DA:242,307
DA:244,307
DA:245,307
DA:246,307
DA:247,307
DA:249,307
DA:250,307
DA:251,307
DA:252,307
DA:267,2
DA:268,1
DA:269,1
DA:280,53
DA:281,52
DA:282,52
DA:284,51
DA:285,51
DA:307,90
DA:308,89
DA:309,88
DA:311,87
DA:312,87
DA:314,87
DA:315,87
DA:317,0
DA:334,3
DA:335,2
DA:336,2
DA:355,1
DA:364,0
DA:379,0
DA:389,23
DA:405,35
DA:415,4
DA:425,2
DA:435,2
DA:448,1
DA:457,7
DA:466,3
DA:483,17
DA:498,2
DA:511,1
DA:520,0
DA:537,11
DA:547,11
DA:564,0
DA:577,11
DA:578,10
DA:591,1
DA:592,1
DA:619,8
DA:620,8
DA:623,7
DA:624,7
DA:627,6
DA:630,5
DA:631,4
DA:632,4
DA:635,3
DA:636,3
DA:637,3
DA:653,4
DA:654,3
DA:667,3
DA:668,3
DA:678,1
DA:679,1
DA:689,1
DA:690,1
DA:700,1
DA:701,1
DA:711,1
DA:712,1
DA:725,1
DA:738,15
DA:739,15
DA:748,7
DA:758,52
DA:759,52
DA:761,0
DA:774,1
LF:93
LH:87
BRDA:187,1,0,8
BRDA:187,1,1,126
BRDA:196,2,0,1
BRDA:196,2,1,55
BRDA:208,3,0,2
BRDA:208,3,1,1
BRDA:232,4,0,307
BRDA:232,4,1,0
BRDA:234,5,0,0
BRDA:234,5,1,307
BRDA:235,6,0,0
BRDA:235,6,1,307
BRDA:236,7,0,0
BRDA:236,7,1,307
BRDA:237,8,0,0
BRDA:237,8,1,307
BRDA:238,9,0,0
BRDA:238,9,1,307
BRDA:266,10,0,3
BRDA:266,10,1,1
BRDA:266,11,0,2
BRDA:266,11,1,1
BRDA:267,12,0,1
BRDA:267,12,1,1
BRDA:279,13,0,53
BRDA:279,13,1,1
BRDA:279,14,0,53
BRDA:279,14,1,0
BRDA:280,15,0,1
BRDA:280,15,1,52
BRDA:282,16,0,1
BRDA:282,16,1,51
BRDA:305,17,0,90
BRDA:305,17,1,1
BRDA:307,18,0,1
BRDA:307,18,1,89
BRDA:308,19,0,1
BRDA:308,19,1,88
BRDA:309,20,0,1
BRDA:309,20,1,87
BRDA:314,21,0,87
BRDA:314,21,1,0
BRDA:332,22,0,3
BRDA:332,22,1,1
BRDA:334,23,0,1
BRDA:334,23,1,2
BRDA:354,24,0,1
BRDA:354,24,1,0
BRDA:363,25,0,0
BRDA:363,25,1,0
BRDA:378,26,0,0
BRDA:378,26,1,0
BRDA:388,27,0,23
BRDA:388,27,1,1
BRDA:404,28,0,35
BRDA:404,28,1,0
BRDA:414,29,0,4
BRDA:414,29,1,1
BRDA:424,30,0,2
BRDA:424,30,1,1
BRDA:434,31,0,2
BRDA:434,31,1,1
BRDA:447,32,0,1
BRDA:447,32,1,0
BRDA:456,33,0,7
BRDA:456,33,1,0
BRDA:465,34,0,3
BRDA:465,34,1,0
BRDA:482,35,0,17
BRDA:482,35,1,1
BRDA:497,36,0,2
BRDA:497,36,1,1
BRDA:510,37,0,1
BRDA:510,37,1,0
BRDA:519,38,0,0
BRDA:519,38,1,0
BRDA:536,39,0,11
BRDA:536,39,1,0
BRDA:546,40,0,11
BRDA:546,40,1,0
BRDA:563,41,0,0
BRDA:563,41,1,0
BRDA:576,42,0,11
BRDA:576,42,1,1
BRDA:577,43,0,1
BRDA:577,43,1,10
BRDA:590,44,0,1
BRDA:590,44,1,1
BRDA:617,45,0,8
BRDA:617,45,1,1
BRDA:620,46,0,1
BRDA:620,46,1,7
BRDA:624,47,0,1
BRDA:624,47,1,6
BRDA:627,48,0,1
BRDA:627,48,1,5
BRDA:630,49,0,1
BRDA:630,49,1,4
BRDA:632,50,0,1
BRDA:632,50,1,3
BRDA:635,51,0,3
BRDA:635,51,1,0
BRDA:653,52,0,1
BRDA:653,52,1,3
BRDA:738,53,0,0
BRDA:738,53,1,15
BRF:106
BRH:80
end_of_record
TN:
SF:/home/atsitali/Projects/ignition-zk/hardhat/contracts/managers/MembershipManager.sol
FN:236,nonZeroKey
FN:245,nonZeroAddress
FN:258,_authorizeUpgrade
FN:261,constructor
FN:286,initialize
FN:308,setMembershipVerifier
FN:329,verifyMembership
FN:364,deployGroupNft
FN:406,setRoot
FN:441,mintNftToMember
FN:475,mintNftToMembers
FN:497,burnMemberNft
FN:518,supportsInterface
FN:527,getContractVersion
FN:540,_mustHaveSetGroupNft
FNF:15
FNH:15
FNDA:490,nonZeroKey
FNDA:1954,nonZeroAddress
FNDA:3,_authorizeUpgrade
FNDA:1,constructor
FNDA:614,initialize
FNDA:7,setMembershipVerifier
FNDA:8,verifyMembership
FNDA:206,deployGroupNft
FNDA:164,setRoot
FNDA:98,mintNftToMember
FNDA:7,mintNftToMembers
FNDA:4,burnMemberNft
FNDA:1,supportsInterface
FNDA:1,getContractVersion
FNDA:266,_mustHaveSetGroupNft
DA:237,490
DA:238,489
DA:246,1954
DA:247,1951
DA:262,1
DA:288,614
DA:289,614
DA:290,614
DA:292,614
DA:293,614
DA:294,614
DA:295,614
DA:296,614
DA:309,7
DA:312,6
DA:313,6
DA:331,8
DA:332,8
DA:335,8
DA:336,8
DA:337,7
DA:340,5
DA:343,3
DA:344,3
DA:347,1
DA:367,206
DA:368,204
DA:369,202
DA:371,200
DA:372,200
DA:378,200
DA:379,200
DA:381,200
DA:389,200
DA:408,164
DA:409,164
DA:411,163
DA:412,162
DA:414,161
DA:415,161
DA:416,157
DA:418,4
DA:443,98
DA:444,96
DA:446,95
DA:447,95
DA:448,95
DA:450,94
DA:451,94
DA:452,93
DA:453,93
DA:455,1
DA:477,7
DA:478,7
DA:479,6
DA:481,4
DA:482,80
DA:499,4
DA:500,3
DA:501,3
DA:502,3
DA:504,2
DA:505,2
DA:506,2
DA:520,1
DA:528,1
DA:541,266
DA:542,266
DA:543,262
LF:69
LH:69
BRDA:237,1,0,1
BRDA:237,1,1,489
BRDA:246,2,0,3
BRDA:246,2,1,1951
BRDA:258,3,0,3
BRDA:258,3,1,1
BRDA:283,4,0,614
BRDA:283,4,1,0
BRDA:284,5,0,614
BRDA:284,5,1,0
BRDA:285,6,0,614
BRDA:285,6,1,0
BRDA:286,7,0,614
BRDA:286,7,1,0
BRDA:292,8,0,0
BRDA:292,8,1,614
BRDA:308,9,0,8
BRDA:308,9,1,1
BRDA:308,10,0,7
BRDA:308,10,1,1
BRDA:309,11,0,1
BRDA:309,11,1,6
BRDA:329,12,0,8
BRDA:329,12,1,1
BRDA:329,13,0,8
BRDA:329,13,1,0
BRDA:336,14,0,1
BRDA:336,14,1,7
BRDA:337,15,0,2
BRDA:337,15,1,5
BRDA:340,16,0,2
BRDA:340,16,1,3
BRDA:344,17,0,2
BRDA:344,17,1,1
BRDA:363,18,0,207
BRDA:363,18,1,1
BRDA:364,19,0,206
BRDA:364,19,1,1
BRDA:367,20,0,2
BRDA:367,20,1,204
BRDA:368,21,0,2
BRDA:368,21,1,202
BRDA:368,22,0,1
BRDA:368,22,1,1
BRDA:369,23,0,2
BRDA:369,23,1,200
BRDA:369,24,0,1
BRDA:369,24,1,1
BRDA:405,25,0,164
BRDA:405,25,1,1
BRDA:406,26,0,164
BRDA:406,26,1,0
BRDA:411,27,0,1
BRDA:411,27,1,162
BRDA:412,28,0,1
BRDA:412,28,1,161
BRDA:415,29,0,157
BRDA:415,29,1,4
BRDA:439,30,0,100
BRDA:439,30,1,1
BRDA:440,31,0,100
BRDA:440,31,1,0
BRDA:441,32,0,98
BRDA:441,32,1,2
BRDA:444,33,0,1
BRDA:444,33,1,95
BRDA:448,34,0,1
BRDA:448,34,1,94
BRDA:474,35,0,7
BRDA:474,35,1,1
BRDA:475,36,0,7
BRDA:475,36,1,0
BRDA:478,37,0,1
BRDA:478,37,1,6
BRDA:479,38,0,2
BRDA:479,38,1,4
BRDA:495,39,0,4
BRDA:495,39,1,1
BRDA:496,40,0,4
BRDA:496,40,1,0
BRDA:497,41,0,4
BRDA:497,41,1,0
BRDA:502,42,0,1
BRDA:502,42,1,2
BRDA:520,43,0,0
BRDA:520,43,1,0
BRDA:542,44,0,4
BRDA:542,44,1,262
BRF:88
BRH:75
end_of_record
TN:
SF:/home/atsitali/Projects/ignition-zk/hardhat/contracts/managers/ProposalManager.sol
FN:155,nonZeroKey
FN:164,nonZeroAddress
FN:177,_authorizeUpgrade
FN:180,constructor
FN:205,initialize
FN:228,setProposalSubmissionVerifier
FN:241,setProposalClaimVerifier
FN:263,verifyProposal
FN:297,verifyProposalClaim
FN:341,getContractVersion
FNF:10
FNH:10
FNDA:75,nonZeroKey
FNDA:1281,nonZeroAddress
FNDA:3,_authorizeUpgrade
FNDA:1,constructor
FNDA:307,initialize
FNDA:39,setProposalSubmissionVerifier
FNDA:12,setProposalClaimVerifier
FNDA:61,verifyProposal
FNDA:14,verifyProposalClaim
FNDA:1,getContractVersion
DA:156,75
DA:157,75
DA:165,1281
DA:166,1279
DA:181,1
DA:207,307
DA:208,307
DA:209,307
DA:211,307
DA:212,307
DA:213,307
DA:214,307
DA:215,307
DA:216,307
DA:229,39
DA:232,38
DA:233,38
DA:242,12
DA:245,11
DA:246,11
DA:265,61
DA:266,61
DA:267,61
DA:268,61
DA:269,61
DA:272,61
DA:273,61
DA:274,60
DA:277,58
DA:280,56
DA:283,54
DA:284,54
DA:285,6
DA:288,48
DA:290,48
DA:299,14
DA:300,14
DA:301,14
DA:304,14
DA:307,12
DA:310,11
DA:312,9
DA:313,9
DA:314,3
DA:317,6
DA:318,6
DA:342,1
LF:47
LH:47
BRDA:156,1,0,0
BRDA:156,1,1,75
BRDA:165,2,0,2
BRDA:165,2,1,1279
BRDA:177,3,0,3
BRDA:177,3,1,1
BRDA:201,4,0,307
BRDA:201,4,1,0
BRDA:202,5,0,307
BRDA:202,5,1,0
BRDA:203,6,0,307
BRDA:203,6,1,0
BRDA:204,7,0,307
BRDA:204,7,1,0
BRDA:205,8,0,307
BRDA:205,8,1,0
BRDA:228,9,0,40
BRDA:228,9,1,1
BRDA:228,10,0,39
BRDA:228,10,1,1
BRDA:229,11,0,1
BRDA:229,11,1,38
BRDA:241,12,0,13
BRDA:241,12,1,1
BRDA:241,13,0,12
BRDA:241,13,1,1
BRDA:242,14,0,1
BRDA:242,14,1,11
BRDA:263,15,0,61
BRDA:263,15,1,1
BRDA:263,16,0,61
BRDA:263,16,1,0
BRDA:273,17,0,1
BRDA:273,17,1,60
BRDA:274,18,0,2
BRDA:274,18,1,58
BRDA:277,19,0,2
BRDA:277,19,1,56
BRDA:280,20,0,2
BRDA:280,20,1,54
BRDA:284,21,0,6
BRDA:284,21,1,48
BRDA:297,22,0,14
BRDA:297,22,1,1
BRDA:297,23,0,14
BRDA:297,23,1,0
BRDA:304,24,0,2
BRDA:304,24,1,12
BRDA:307,25,0,1
BRDA:307,25,1,11
BRDA:310,26,0,2
BRDA:310,26,1,9
BRDA:313,27,0,3
BRDA:313,27,1,6
BRF:54
BRH:46
end_of_record
TN:
SF:/home/atsitali/Projects/ignition-zk/hardhat/contracts/managers/VoteManager.sol
FN:244,nonZeroKey
FN:253,nonZeroAddress
FN:266,_authorizeUpgrade
FN:269,constructor
FN:295,initialize
FN:325,setVoteVerifier
FN:354,verifyVote
FN:435,setMemberCount
FN:461,setQuorumParams
FN:502,getGroupParams
FN:509,getProposalResult
FN:516,getQuorumParams
FN:524,getContractVersion
FN:540,_updateProposalStatus
FN:562,_setQuorum
FN:574,_computePassedStatus
FN:598,_linearInterpolation
FN:626,_ceilDiv
FNF:18
FNH:18
FNDA:2244,nonZeroKey
FNDA:1242,nonZeroAddress
FNDA:3,_authorizeUpgrade
FNDA:1,constructor
FNDA:307,initialize
FNDA:13,setVoteVerifier
FNDA:39,verifyVote
FNDA:1058,setMemberCount
FNDA:6,setQuorumParams
FNDA:1027,getGroupParams
FNDA:13,getProposalResult
FNDA:3,getQuorumParams
FNDA:1,getContractVersion
FNDA:26,_updateProposalStatus
FNDA:1056,_setQuorum
FNDA:26,_computePassedStatus
FNDA:170,_linearInterpolation
FNDA:25,_ceilDiv
DA:245,2244
DA:246,2244
DA:254,1242
DA:255,1241
DA:270,1
DA:297,307
DA:298,307
DA:299,307
DA:301,307
DA:302,307
DA:303,307
DA:304,307
DA:305,307
DA:306,307
DA:308,307
DA:326,13
DA:329,12
DA:330,12
DA:357,39
DA:358,39
DA:359,39
DA:360,39
DA:361,39
DA:364,39
DA:365,39
DA:366,38
DA:369,36
DA:370,36
DA:373,34
DA:376,31
DA:379,29
DA:380,29
DA:383,27
DA:386,27
DA:390,27
DA:392,27
DA:393,1
DA:395,19
DA:397,6
DA:399,1
DA:403,26
DA:405,26
DA:406,6
DA:408,19
DA:410,1
DA:412,26
DA:419,26
DA:422,25
DA:423,19
DA:425,6
DA:436,1058
DA:438,1056
DA:439,1056
DA:441,1056
DA:442,60
DA:444,826
DA:446,170
DA:447,170
DA:462,6
DA:466,4
DA:470,2
DA:471,2
DA:474,2
DA:475,2
DA:478,2
DA:479,2
DA:482,2
DA:483,2
DA:486,2
DA:503,1027
DA:510,13
DA:517,3
DA:525,1
DA:541,26
DA:542,26
DA:544,26
DA:545,26
DA:548,25
DA:549,11
DA:552,25
DA:563,1056
DA:564,1056
DA:565,1056
DA:575,26
DA:576,26
DA:579,1
DA:581,25
DA:583,25
DA:584,25
DA:585,25
DA:587,25
DA:601,170
DA:602,170
DA:603,170
DA:604,170
DA:605,170
DA:608,170
DA:610,170
DA:611,170
DA:612,170
DA:614,170
DA:616,170
DA:617,170
DA:627,25
DA:628,25
LF:105
LH:105
BRDA:245,1,0,0
BRDA:245,1,1,2244
BRDA:254,2,0,1
BRDA:254,2,1,1241
BRDA:266,3,0,3
BRDA:266,3,1,1
BRDA:291,4,0,307
BRDA:291,4,1,0
BRDA:292,5,0,307
BRDA:292,5,1,0
BRDA:293,6,0,307
BRDA:293,6,1,0
BRDA:294,7,0,307
BRDA:294,7,1,0
BRDA:295,8,0,307
BRDA:295,8,1,0
BRDA:325,9,0,14
BRDA:325,9,1,1
BRDA:325,10,0,13
BRDA:325,10,1,1
BRDA:326,11,0,1
BRDA:326,11,1,12
BRDA:352,12,0,39
BRDA:352,12,1,0
BRDA:353,13,0,39
BRDA:353,13,1,0
BRDA:354,14,0,39
BRDA:354,14,1,0
BRDA:365,15,0,1
BRDA:365,15,1,38
BRDA:366,16,0,2
BRDA:366,16,1,36
BRDA:370,17,0,2
BRDA:370,17,1,34
BRDA:373,18,0,3
BRDA:373,18,1,31
BRDA:376,19,0,2
BRDA:376,19,1,29
BRDA:380,20,0,2
BRDA:380,20,1,27
BRDA:392,21,0,1
BRDA:392,21,1,26
BRDA:394,22,0,19
BRDA:394,22,1,7
BRDA:396,23,0,6
BRDA:396,23,1,1
BRDA:405,24,0,6
BRDA:405,24,1,20
BRDA:407,25,0,19
BRDA:407,25,1,1
BRDA:409,26,0,1
BRDA:409,26,1,0
BRDA:422,27,0,19
BRDA:422,27,1,6
BRDA:425,28,0,0
BRDA:425,28,1,6
BRDA:435,29,0,1058
BRDA:435,29,1,0
BRDA:435,30,0,1058
BRDA:435,30,1,0
BRDA:436,31,0,2
BRDA:436,31,1,1056
BRDA:436,32,0,1
BRDA:436,32,1,1
BRDA:441,33,0,60
BRDA:441,33,1,996
BRDA:443,34,0,826
BRDA:443,34,1,170
BRDA:461,35,0,6
BRDA:461,35,1,1
BRDA:462,36,0,2
BRDA:462,36,1,4
BRDA:462,37,0,1
BRDA:462,37,1,0
BRDA:462,38,0,0
BRDA:462,38,1,1
BRDA:466,39,0,2
BRDA:466,39,1,2
BRDA:466,40,0,0
BRDA:466,40,1,1
BRDA:466,41,0,1
BRDA:466,41,1,1
BRDA:470,42,0,2
BRDA:470,42,1,0
BRDA:474,43,0,2
BRDA:474,43,1,0
BRDA:478,44,0,2
BRDA:478,44,1,0
BRDA:482,45,0,2
BRDA:482,45,1,0
BRDA:540,46,0,26
BRDA:540,46,1,0
BRDA:540,47,0,26
BRDA:540,47,1,0
BRDA:544,48,0,0
BRDA:544,48,1,26
BRDA:544,49,0,0
BRDA:544,49,1,0
BRDA:548,50,0,11
BRDA:548,50,1,14
BRDA:562,51,0,1056
BRDA:562,51,1,0
BRDA:563,52,0,0
BRDA:563,52,1,1056
BRDA:576,53,0,1
BRDA:576,53,1,25
BRDA:608,54,0,0
BRDA:608,54,1,170
BRDA:608,55,0,0
BRDA:608,55,1,0
BRDA:627,56,0,0
BRDA:627,56,1,25
BRDA:627,57,0,0
BRDA:627,57,1,0
BRF:114
BRH:81
end_of_record
TN:
SF:/home/atsitali/Projects/ignition-zk/hardhat/contracts/token/ERC721IgnitionZK.sol
FN:52,constructor
FN:62,initialize
FN:81,safeMint
FN:89,revokeMembershipToken
FN:95,approve
FN:103,setApprovalForAll
FN:113,_update
FN:131,_increaseBalance
FN:138,supportsInterface
FNF:9
FNH:8
FNDA:307,constructor
FNDA:199,initialize
FNDA:93,safeMint
FNDA:2,revokeMembershipToken
FNDA:2,approve
FNDA:2,setApprovalForAll
FNDA:97,_update
FNDA:0,_increaseBalance
FNDA:307,supportsInterface
DA:53,307
DA:63,199
DA:64,199
DA:65,199
DA:66,199
DA:68,199
DA:70,199
DA:71,199
DA:73,199
DA:74,199
DA:82,93
DA:83,93
DA:84,93
DA:90,2
DA:91,2
DA:100,2
DA:108,2
DA:119,97
DA:122,97
DA:123,2
DA:125,95
DA:135,0
DA:144,307
LF:23
LH:22
BRDA:62,1,0,199
BRDA:62,1,1,0
BRDA:81,2,0,93
BRDA:81,2,1,0
BRDA:89,3,0,2
BRDA:89,3,1,0
BRDA:90,4,0,2
BRDA:90,4,1,0
BRDA:122,5,0,2
BRDA:122,5,1,95
BRF:10
BRH:6
end_of_record
TN:
SF:/home/atsitali/Projects/ignition-zk/hardhat/contracts/treasury/BeaconManager.sol
FN:41,nonZeroAddress
FN:61,constructor
FN:77,updateImplementation
FN:86,implementation
FNF:4
FNH:4
FNDA:737,nonZeroAddress
FNDA:368,constructor
FNDA:1,updateImplementation
FNDA:346,implementation
DA:42,737
DA:43,737
DA:65,368
DA:78,1
DA:79,1
DA:80,1
DA:87,346
LF:7
LH:7
BRDA:42,1,0,0
BRDA:42,1,1,737
BRDA:77,2,0,1
BRDA:77,2,1,0
BRDA:77,3,0,1
BRDA:77,3,1,0
BRDA:78,4,0,0
BRDA:78,4,1,1
BRF:8
BRH:4
end_of_record
TN:
SF:/home/atsitali/Projects/ignition-zk/hardhat/contracts/treasury/TreasuryFactory.sol
FN:67,nonZeroAddress
FN:76,nonZeroKey
FN:99,constructor
FN:128,deployTreasury
FN:165,supportsInterface
FNF:5
FNH:5
FNDA:649,nonZeroAddress
FNDA:83,nonZeroKey
FNDA:162,constructor
FNDA:81,deployTreasury
FNDA:103,supportsInterface
DA:68,649
DA:69,648
DA:77,83
DA:78,82
DA:101,162
DA:102,162
DA:103,162
DA:104,162
DA:131,81
DA:132,80
DA:135,79
DA:137,79
DA:145,79
DA:151,79
DA:152,79
DA:153,79
DA:172,103
LF:17
LH:17
BRDA:68,1,0,1
BRDA:68,1,1,648
BRDA:77,2,0,1
BRDA:77,2,1,82
BRDA:125,3,0,83
BRDA:125,3,1,1
BRDA:126,4,0,82
BRDA:126,4,1,1
BRDA:127,5,0,81
BRDA:127,5,1,1
BRDA:128,6,0,81
BRDA:128,6,1,0
BRDA:131,7,0,1
BRDA:131,7,1,80
BRDA:132,8,0,1
BRDA:132,8,1,79
BRDA:172,9,0,103
BRDA:172,9,1,0
BRF:18
BRH:16
end_of_record
TN:
SF:/home/atsitali/Projects/ignition-zk/hardhat/contracts/treasury/TreasuryManager.sol
FN:256,nonZeroAddress
FN:265,nonZeroKey
FN:274,onlyDefaultAdminOrEmergencyRecovery
FN:285,onlyActiveFundingModule
FN:297,onlyInitialized
FN:307,constructor
FN:329,initialize
FN:363,transferAdminRole
FN:383,emergencyAccessControl
FN:400,lockTreasury
FN:415,unlockTreasury
FN:452,requestTransfer
FN:489,approveTransfer
FN:515,executeTransfer
FN:531,approveAndExecuteTransfer
FN:556,cancelTransfer
FN:578,fund
FN:600,getBalance
FN:609,hasDefaultAdminRole
FN:618,hasEmergencyRecoveryRole
FN:627,hasGovernanceManagerRole
FN:636,isPendingApproval
FN:645,isPendingExecution
FN:654,isExecuted
FN:663,getFundingRequest
FN:673,isLocked
FN:681,getContractVersion
FN:693,_approve
FN:715,_execute
FN:753,_getActiveModule
FN:765,
FNF:31
FNH:31
FNDA:283,nonZeroAddress
FNDA:91,nonZeroKey
FNDA:6,onlyDefaultAdminOrEmergencyRecovery
FNDA:42,onlyActiveFundingModule
FNDA:152,onlyInitialized
FNDA:369,constructor
FNDA:79,initialize
FNDA:3,transferAdminRole
FNDA:2,emergencyAccessControl
FNDA:3,lockTreasury
FNDA:1,unlockTreasury
FNDA:37,requestTransfer
FNDA:22,approveTransfer
FNDA:16,executeTransfer
FNDA:3,approveAndExecuteTransfer
FNDA:8,cancelTransfer
FNDA:24,fund
FNDA:7,getBalance
FNDA:3,hasDefaultAdminRole
FNDA:1,hasEmergencyRecoveryRole
FNDA:1,hasGovernanceManagerRole
FNDA:1,isPendingApproval
FNDA:1,isPendingExecution
FNDA:1,isExecuted
FNDA:8,getFundingRequest
FNDA:5,isLocked
FNDA:2,getContractVersion
FNDA:24,_approve
FNDA:19,_execute
FNDA:84,_getActiveModule
FNDA:1,
DA:257,283
DA:258,280
DA:266,91
DA:267,86
DA:275,6
DA:279,4
DA:286,42
DA:287,41
DA:288,41
DA:289,40
DA:290,39
DA:298,152
DA:299,141
DA:308,369
DA:331,79
DA:332,79
DA:334,79
DA:335,79
DA:336,79
DA:339,79
DA:340,79
DA:365,3
DA:366,2
DA:367,2
DA:369,2
DA:385,2
DA:386,1
DA:387,1
DA:402,3
DA:404,3
DA:405,3
DA:417,1
DA:418,1
DA:419,1
DA:454,37
DA:455,36
DA:457,34
DA:469,34
DA:491,22
DA:517,16
DA:533,3
DA:535,3
DA:536,1
DA:537,1
DA:539,2
DA:540,2
DA:558,8
DA:560,8
DA:561,7
DA:562,6
DA:565,5
DA:566,5
DA:579,24
DA:580,23
DA:589,2
DA:601,7
DA:610,3
DA:619,1
DA:628,1
DA:637,1
DA:646,1
DA:655,1
DA:664,8
DA:674,5
DA:682,2
DA:694,24
DA:695,24
DA:698,24
DA:699,23
DA:700,21
DA:701,21
DA:702,20
DA:705,19
DA:706,19
DA:716,19
DA:717,19
DA:720,19
DA:722,18
DA:723,1
DA:724,1
DA:725,1
DA:727,18
DA:728,17
DA:729,16
DA:730,15
DA:731,14
DA:732,13
DA:733,12
DA:736,11
DA:739,11
DA:741,11
DA:742,1
DA:745,10
DA:754,84
DA:766,1
LF:95
LH:95
BRDA:257,1,0,3
BRDA:257,1,1,280
BRDA:266,2,0,5
BRDA:266,2,1,86
BRDA:275,3,0,2
BRDA:275,3,1,4
BRDA:286,4,0,1
BRDA:286,4,1,41
BRDA:288,5,0,1
BRDA:288,5,1,40
BRDA:289,6,0,1
BRDA:289,6,1,39
BRDA:298,7,0,11
BRDA:298,7,1,141
BRDA:326,8,0,79
BRDA:326,8,1,0
BRDA:327,9,0,79
BRDA:327,9,1,0
BRDA:328,10,0,79
BRDA:328,10,1,0
BRDA:329,11,0,79
BRDA:329,11,1,0
BRDA:361,12,0,5
BRDA:361,12,1,1
BRDA:362,13,0,4
BRDA:362,13,1,1
BRDA:363,14,0,3
BRDA:363,14,1,1
BRDA:365,15,0,1
BRDA:365,15,1,2
BRDA:381,16,0,4
BRDA:381,16,1,1
BRDA:382,17,0,3
BRDA:382,17,1,1
BRDA:383,18,0,2
BRDA:383,18,1,1
BRDA:385,19,0,1
BRDA:385,19,1,1
BRDA:399,20,0,4
BRDA:399,20,1,1
BRDA:400,21,0,3
BRDA:400,21,1,1
BRDA:414,22,0,2
BRDA:414,22,1,1
BRDA:415,23,0,1
BRDA:415,23,1,1
BRDA:449,24,0,42
BRDA:449,24,1,1
BRDA:450,25,0,39
BRDA:450,25,1,3
BRDA:451,26,0,38
BRDA:451,26,1,1
BRDA:452,27,0,37
BRDA:452,27,1,1
BRDA:454,28,0,1
BRDA:454,28,1,36
BRDA:455,29,0,2
BRDA:455,29,1,34
BRDA:486,30,0,24
BRDA:486,30,1,1
BRDA:487,31,0,23
BRDA:487,31,1,1
BRDA:488,32,0,22
BRDA:488,32,1,1
BRDA:489,33,0,22
BRDA:489,33,1,0
BRDA:512,34,0,19
BRDA:512,34,1,1
BRDA:513,35,0,17
BRDA:513,35,1,2
BRDA:514,36,0,16
BRDA:514,36,1,1
BRDA:515,37,0,16
BRDA:515,37,1,0
BRDA:528,38,0,5
BRDA:528,38,1,1
BRDA:529,39,0,4
BRDA:529,39,1,1
BRDA:530,40,0,3
BRDA:530,40,1,1
BRDA:531,41,0,3
BRDA:531,41,1,0
BRDA:535,42,0,1
BRDA:535,42,1,2
BRDA:554,43,0,10
BRDA:554,43,1,1
BRDA:555,44,0,9
BRDA:555,44,1,1
BRDA:556,45,0,8
BRDA:556,45,1,1
BRDA:560,46,0,1
BRDA:560,46,1,7
BRDA:561,47,0,1
BRDA:561,47,1,6
BRDA:562,48,0,1
BRDA:562,48,1,5
BRDA:578,49,0,24
BRDA:578,49,1,1
BRDA:579,50,0,1
BRDA:579,50,1,23
BRDA:698,51,0,1
BRDA:698,51,1,23
BRDA:699,52,0,2
BRDA:699,52,1,21
BRDA:700,53,0,0
BRDA:700,53,1,21
BRDA:701,54,0,1
BRDA:701,54,1,20
BRDA:702,55,0,1
BRDA:702,55,1,19
BRDA:720,56,0,1
BRDA:720,56,1,18
BRDA:722,57,0,1
BRDA:722,57,1,17
BRDA:727,58,0,1
BRDA:727,58,1,17
BRDA:728,59,0,1
BRDA:728,59,1,16
BRDA:729,60,0,1
BRDA:729,60,1,15
BRDA:730,61,0,1
BRDA:730,61,1,14
BRDA:731,62,0,1
BRDA:731,62,1,13
BRDA:732,63,0,1
BRDA:732,63,1,12
BRDA:733,64,0,1
BRDA:733,64,1,11
BRDA:741,65,0,1
BRDA:741,65,1,10
BRF:130
BRH:122
end_of_record
